[debug] [2024-06-06T09:05:01.929Z] ----------------------------------------------------------------------
[debug] [2024-06-06T09:05:01.932Z] Command:       C:\Program Files\nodejs\node.exe C:\Users\hitmachut\AppData\Roaming\npm\node_modules\firebase-tools\lib\bin\firebase.js deploy
[debug] [2024-06-06T09:05:01.932Z] CLI Version:   13.11.0
[debug] [2024-06-06T09:05:01.932Z] Platform:      win32
[debug] [2024-06-06T09:05:01.933Z] Node Version:  v20.10.0
[debug] [2024-06-06T09:05:01.933Z] Time:          Thu Jun 06 2024 12:05:01 GMT+0300 (שעון ישראל (קיץ))
[debug] [2024-06-06T09:05:01.933Z] ----------------------------------------------------------------------
[debug] 
[debug] [2024-06-06T09:05:02.017Z] > command requires scopes: ["email","openid","https://www.googleapis.com/auth/cloudplatformprojects.readonly","https://www.googleapis.com/auth/firebase","https://www.googleapis.com/auth/cloud-platform"]
[debug] [2024-06-06T09:05:02.018Z] > authorizing via signed-in user (zipik357@gmail.com)
[debug] [2024-06-06T09:05:02.018Z] [iam] checking project employeemanagementclient for permissions ["firebase.projects.get","firebasehosting.sites.update"]
[debug] [2024-06-06T09:05:02.020Z] >>> [apiv2][query] POST https://cloudresourcemanager.googleapis.com/v1/projects/employeemanagementclient:testIamPermissions [none]
[debug] [2024-06-06T09:05:02.021Z] >>> [apiv2][(partial)header] POST https://cloudresourcemanager.googleapis.com/v1/projects/employeemanagementclient:testIamPermissions x-goog-quota-user=projects/employeemanagementclient
[debug] [2024-06-06T09:05:02.021Z] >>> [apiv2][body] POST https://cloudresourcemanager.googleapis.com/v1/projects/employeemanagementclient:testIamPermissions {"permissions":["firebase.projects.get","firebasehosting.sites.update"]}
[debug] [2024-06-06T09:05:03.294Z] <<< [apiv2][status] POST https://cloudresourcemanager.googleapis.com/v1/projects/employeemanagementclient:testIamPermissions 200
[debug] [2024-06-06T09:05:03.294Z] <<< [apiv2][body] POST https://cloudresourcemanager.googleapis.com/v1/projects/employeemanagementclient:testIamPermissions {"permissions":["firebase.projects.get","firebasehosting.sites.update"]}
[debug] [2024-06-06T09:05:03.295Z] >>> [apiv2][query] GET https://firebase.googleapis.com/v1beta1/projects/employeemanagementclient [none]
[debug] [2024-06-06T09:05:03.725Z] <<< [apiv2][status] GET https://firebase.googleapis.com/v1beta1/projects/employeemanagementclient 200
[debug] [2024-06-06T09:05:03.725Z] <<< [apiv2][body] GET https://firebase.googleapis.com/v1beta1/projects/employeemanagementclient {"projectId":"employeemanagementclient","projectNumber":"307721665784","displayName":"EmployeeManagementClient","name":"projects/employeemanagementclient","resources":{"hostingSite":"employeemanagementclient"},"state":"ACTIVE","etag":"1_d4553f3b-204e-4cab-8e59-16f9143ebb23"}
[info] 
   Thank you for trying our early preview of Angular support on Firebase Hosting.
   During the preview, support is best-effort and breaking changes can be expected. Proceed with caution.
   The integration is known to work with Angular version 14 - 17. You may encounter errors.

   Documentation: https://firebase.google.com/docs/hosting/frameworks/angular
   File a bug: https://github.com/firebase/firebase-tools/issues/new?template=bug_report.md
   Submit a feature request: https://github.com/firebase/firebase-tools/issues/new?template=feature_request.md

   We'd love to learn from you. Express your interest in helping us shape the future of Firebase Hosting: https://goo.gle/41enW5X

[debug] [2024-06-06T09:05:05.169Z] Error: Cannot find module '@angular-devkit/core/node'
Require stack:
- C:\Users\hitmachut\AppData\Roaming\npm\node_modules\firebase-tools\lib\frameworks\utils.js
- C:\Users\hitmachut\AppData\Roaming\npm\node_modules\firebase-tools\lib\frameworks\index.js
- C:\Users\hitmachut\AppData\Roaming\npm\node_modules\firebase-tools\lib\emulator\controller.js
- C:\Users\hitmachut\AppData\Roaming\npm\node_modules\firebase-tools\lib\emulator\commandUtils.js
- C:\Users\hitmachut\AppData\Roaming\npm\node_modules\firebase-tools\lib\commands\database-get.js
- C:\Users\hitmachut\AppData\Roaming\npm\node_modules\firebase-tools\lib\commands\index.js
- C:\Users\hitmachut\AppData\Roaming\npm\node_modules\firebase-tools\lib\index.js
- C:\Users\hitmachut\AppData\Roaming\npm\node_modules\firebase-tools\lib\bin\firebase.js
    at Module._resolveFilename (node:internal/modules/cjs/loader:1144:15)
    at Function.resolve (node:internal/modules/helpers:187:19)
    at relativeRequire (C:\Users\hitmachut\AppData\Roaming\npm\node_modules\firebase-tools\lib\frameworks\utils.js:195:34)
    at getAllTargets (C:\Users\hitmachut\AppData\Roaming\npm\node_modules\firebase-tools\lib\frameworks\angular\utils.js:76:37)
    at getValidBuildTargets (C:\Users\hitmachut\AppData\Roaming\npm\node_modules\firebase-tools\lib\frameworks\angular\index.js:117:56)
    at async prepareFrameworks (C:\Users\hitmachut\AppData\Roaming\npm\node_modules\firebase-tools\lib\frameworks\index.js:200:35)
    at async deploy (C:\Users\hitmachut\AppData\Roaming\npm\node_modules\firebase-tools\lib\deploy\index.js:57:13)
[error] 
[error] Error: An unexpected error has occurred.
